Hmm ... looks like a package
Converting parsed Rd's to LaTeX .
Creating pdf output from LaTeX ...
This is pdfTeX, Version 3.141592653-2.6-1.40.26 (TeX Live 2024) (preloaded format=pdflatex)
 restricted \write18 enabled.
entering extended mode
(./Rd2.tex
LaTeX2e <2024-11-01>
L3 programming layer <2024-11-02>

(c:/Users/Yao/AppData/Roaming/TinyTeX/texmf-dist/tex/latex/base/book.cls
Document Class: book 2024/06/29 v1.4n Standard LaTeX document class
(c:/Users/Yao/AppData/Roaming/TinyTeX/texmf-dist/tex/latex/base/bk10.clo)) (c:/Program Files/R/R-4.5.1/share/texmf/tex/latex/Rd.sty (c:/Users/Yao/AppData/Roaming/TinyTeX/texmf-dist/tex/latex/base/ifthen.sty) (c:/Users/Yao/AppData/Roaming/TinyTeX/texmf-dist/tex/generic/iftex/iftex.sty) (c:/Users/Yao/AppData/Roaming/TinyTeX/texmf-dist/tex/latex/tools/longtable.sty) (c:/Users/Yao/AppData/Roaming/TinyTeX/texmf-dist/tex/latex/tools/bm.sty) (c:/Users/Yao/AppData/Roaming/TinyTeX/texmf-dist/tex/latex/base/alltt.sty) (c:/Users/Yao/AppData/Roaming/TinyTeX/texmf-dist/tex/latex/tools/verbatim.sty) (c:/Users/Yao/AppData/Roaming/TinyTeX/texmf-dist/tex/latex/url/url.sty) (c:/Users/Yao/AppData/Roaming/TinyTeX/texmf-dist/tex/latex/base/textcomp.sty) (c:/Users/Yao/AppData/Roaming/TinyTeX/texmf-dist/tex/latex/amsmath/amsmath.sty
For additional information on amsmath, use the `?' option.
(c:/Users/Yao/AppData/Roaming/TinyTeX/texmf-dist/tex/latex/amsmath/amstext.sty (c:/Users/Yao/AppData/Roaming/TinyTeX/texmf-dist/tex/latex/amsmath/amsgen.sty)) (c:/Users/Yao/AppData/Roaming/TinyTeX/texmf-dist/tex/latex/amsmath/amsbsy.sty) (c:/Users/Yao/AppData/Roaming/TinyTeX/texmf-dist/tex/latex/amsmath/amsopn.sty)) (c:/Users/Yao/AppData/Roaming/TinyTeX/texmf-dist/tex/latex/amsfonts/amsfonts.sty) (c:/Users/Yao/AppData/Roaming/TinyTeX/texmf-dist/tex/latex/amsfonts/amssymb.sty) (c:/Users/Yao/AppData/Roaming/TinyTeX/texmf-dist/tex/latex/amsfonts/eucal.sty) (c:/Users/Yao/AppData/Roaming/TinyTeX/texmf-dist/tex/latex/base/fontenc.sty) (c:/Users/Yao/AppData/Roaming/TinyTeX/texmf-dist/tex/latex/psnfss/times.sty) (c:/Users/Yao/AppData/Roaming/TinyTeX/texmf-dist/tex/latex/inconsolata/zi4.sty `inconsolata-zi4' v1.12, 2019/05/17 Text macros for Inconsolata (msharpe) (c:/Users/Yao/AppData/Roaming/TinyTeX/texmf-dist/tex/latex/xkeyval/xkeyval.sty (c:/Users/Yao/AppData/Roaming/TinyTeX/texmf-dist/tex/generic/xkeyval/xkeyval.tex (c:/Users/Yao/AppData/Roaming/TinyTeX/texmf-dist/tex/generic/xkeyval/xkvutils.tex (c:/Users/Yao/AppData/Roaming/TinyTeX/texmf-dist/tex/generic/xkeyval/keyval.tex))))) (c:/Users/Yao/AppData/Roaming/TinyTeX/texmf-dist/tex/latex/graphics/color.sty (c:/Users/Yao/AppData/Roaming/TinyTeX/texmf-dist/tex/latex/graphics-cfg/color.cfg) (c:/Users/Yao/AppData/Roaming/TinyTeX/texmf-dist/tex/latex/graphics-def/pdftex.def) (c:/Users/Yao/AppData/Roaming/TinyTeX/texmf-dist/tex/latex/graphics/mathcolor.ltx)) (c:/Users/Yao/AppData/Roaming/TinyTeX/texmf-dist/tex/latex/hyperref/hyperref.sty (c:/Users/Yao/AppData/Roaming/TinyTeX/texmf-dist/tex/latex/kvsetkeys/kvsetkeys.sty) (c:/Users/Yao/AppData/Roaming/TinyTeX/texmf-dist/tex/generic/kvdefinekeys/kvdefinekeys.sty) (c:/Users/Yao/AppData/Roaming/TinyTeX/texmf-dist/tex/generic/pdfescape/pdfescape.sty (c:/Users/Yao/AppData/Roaming/TinyTeX/texmf-dist/tex/generic/ltxcmds/ltxcmds.sty) (c:/Users/Yao/AppData/Roaming/TinyTeX/texmf-dist/tex/generic/pdftexcmds/pdftexcmds.sty (c:/Users/Yao/AppData/Roaming/TinyTeX/texmf-dist/tex/generic/infwarerr/infwarerr.sty))) (c:/Users/Yao/AppData/Roaming/TinyTeX/texmf-dist/tex/latex/hycolor/hycolor.sty) (c:/Users/Yao/AppData/Roaming/TinyTeX/texmf-dist/tex/latex/hyperref/nameref.sty (c:/Users/Yao/AppData/Roaming/TinyTeX/texmf-dist/tex/latex/refcount/refcount.sty) (c:/Users/Yao/AppData/Roaming/TinyTeX/texmf-dist/tex/generic/gettitlestring/gettitlestring.sty (c:/Users/Yao/AppData/Roaming/TinyTeX/texmf-dist/tex/latex/kvoptions/kvoptions.sty))) (c:/Users/Yao/AppData/Roaming/TinyTeX/texmf-dist/tex/latex/etoolbox/etoolbox.sty) (c:/Users/Yao/AppData/Roaming/TinyTeX/texmf-dist/tex/generic/stringenc/stringenc.sty) (c:/Users/Yao/AppData/Roaming/TinyTeX/texmf-dist/tex/latex/hyperref/pd1enc.def) (c:/Users/Yao/AppData/Roaming/TinyTeX/texmf-dist/tex/generic/intcalc/intcalc.sty) (c:/Users/Yao/AppData/Roaming/TinyTeX/texmf-dist/tex/latex/hyperref/puenc.def) (c:/Users/Yao/AppData/Roaming/TinyTeX/texmf-dist/tex/generic/bitset/bitset.sty (c:/Users/Yao/AppData/Roaming/TinyTeX/texmf-dist/tex/generic/bigintcalc/bigintcalc.sty)) (c:/Users/Yao/AppData/Roaming/TinyTeX/texmf-dist/tex/latex/base/atbegshi-ltx.sty)) (c:/Users/Yao/AppData/Roaming/TinyTeX/texmf-dist/tex/latex/hyperref/hpdftex.def (c:/Users/Yao/AppData/Roaming/TinyTeX/texmf-dist/tex/latex/base/atveryend-ltx.sty) (c:/Users/Yao/AppData/Roaming/TinyTeX/texmf-dist/tex/latex/rerunfilecheck/rerunfilecheck.sty (c:/Users/Yao/AppData/Roaming/TinyTeX/texmf-dist/tex/generic/uniquecounter/uniquecounter.sty)))) (c:/Users/Yao/AppData/Roaming/TinyTeX/texmf-dist/tex/latex/base/makeidx.sty)
Writing index file Rd2.idx
(c:/Users/Yao/AppData/Roaming/TinyTeX/texmf-dist/tex/latex/psnfss/t1ptm.fd) (c:/Users/Yao/AppData/Roaming/TinyTeX/texmf-dist/tex/latex/l3backend/l3backend-pdftex.def)
No file Rd2.aux.
(c:/Users/Yao/AppData/Roaming/TinyTeX/texmf-dist/tex/latex/psnfss/ts1ptm.fd) (c:/Users/Yao/AppData/Roaming/TinyTeX/texmf-dist/tex/latex/inconsolata/t1zi4.fd) (c:/Users/Yao/AppData/Roaming/TinyTeX/texmf-dist/tex/latex/amsfonts/umsa.fd) (c:/Users/Yao/AppData/Roaming/TinyTeX/texmf-dist/tex/latex/amsfonts/umsb.fd)
No file Rd2.toc.

[1{c:/Users/Yao/AppData/Roaming/TinyTeX/texmf-var/fonts/map/pdftex/updmap/pdftex.map}{c:/Users/Yao/AppData/Roaming/TinyTeX/texmf-dist/fonts/enc/dvips/base/8r.enc}{c:/Users/Yao/AppData/Roaming/TinyTeX/texmf-dist/fonts/enc/dvips/inconsolata/i4-t1-0.enc}]
[2]
[3]
[4]
[5]
[6] (c:/Users/Yao/AppData/Roaming/TinyTeX/texmf-dist/tex/latex/inconsolata/ts1zi4.fd)
[7{c:/Users/Yao/AppData/Roaming/TinyTeX/texmf-dist/fonts/enc/dvips/inconsolata/i4-ts1.enc}]
Overfull \hbox (5.72852pt too wide) in paragraph at lines 394--396
\T1/ptm/m/n/10 in-ter-est. Non-integer []\T1/zi4/m/n/10 PC []\T1/ptm/m/n/10 would be con-verted to be an in-te-ger us-ing []\T1/zi4/m/n/10 as.integer()[]\T1/ptm/m/n/10 . 

Overfull \hbox (5.72852pt too wide) in paragraph at lines 397--400
\T1/ptm/m/n/10 in-ter-est. Non-integer []\T1/zi4/m/n/10 PA []\T1/ptm/m/n/10 would be con-verted to be an in-te-ger us-ing []\T1/zi4/m/n/10 as.integer()[]\T1/ptm/m/n/10 .

Overfull \hbox (17.39929pt too wide) in paragraph at lines 412--414
\T1/ptm/m/n/10 ing []\T1/zi4/m/n/10 as.integer()[]\T1/ptm/m/n/10 . Non-NULL []\T1/zi4/m/n/10 as.integer(n) []\T1/ptm/m/n/10 should be at least []\T1/zi4/m/n/10 as.integer(PA)

[8]
[9]
[10]
[11]
[12]
No file Rd2.ind.

[13] (./Rd2.aux)

Package rerunfilecheck Warning: File `Rd2.out' has changed.
(rerunfilecheck)                Rerun to get outlines right
(rerunfilecheck)                or use package `bookmark'.

 )
(see the transcript file for additional information)<c:/Users/Yao/AppData/Roaming/TinyTeX/texmf-dist/fonts/type1/public/inconsolata/Inconsolata-zi4r.pfb><c:/Users/Yao/AppData/Roaming/TinyTeX/texmf-dist/fonts/type1/urw/times/utmb8a.pfb><c:/Users/Yao/AppData/Roaming/TinyTeX/texmf-dist/fonts/type1/urw/times/utmr8a.pfb><c:/Users/Yao/AppData/Roaming/TinyTeX/texmf-dist/fonts/type1/urw/times/utmr8a.pfb><c:/Users/Yao/AppData/Roaming/TinyTeX/texmf-dist/fonts/type1/urw/times/utmri8a.pfb>
Output written on Rd2.pdf (13 pages, 110834 bytes).
Transcript written on Rd2.log.
This is makeindex, version 2.17 [TeX Live 2024] (kpathsea + Thai support).
Scanning input file Rd2.idx....done (13 entries accepted, 0 rejected).
Sorting entries....done (47 comparisons).
Generating output file Rd2.ind....done (33 lines written, 0 warnings).
Output written in Rd2.ind.
Transcript written in Rd2.ilg.
This is pdfTeX, Version 3.141592653-2.6-1.40.26 (TeX Live 2024) (preloaded format=pdflatex)
 restricted \write18 enabled.
entering extended mode
(./Rd2.tex
LaTeX2e <2024-11-01>
L3 programming layer <2024-11-02>

(c:/Users/Yao/AppData/Roaming/TinyTeX/texmf-dist/tex/latex/base/book.cls
Document Class: book 2024/06/29 v1.4n Standard LaTeX document class
(c:/Users/Yao/AppData/Roaming/TinyTeX/texmf-dist/tex/latex/base/bk10.clo)) (c:/Program Files/R/R-4.5.1/share/texmf/tex/latex/Rd.sty (c:/Users/Yao/AppData/Roaming/TinyTeX/texmf-dist/tex/latex/base/ifthen.sty) (c:/Users/Yao/AppData/Roaming/TinyTeX/texmf-dist/tex/generic/iftex/iftex.sty) (c:/Users/Yao/AppData/Roaming/TinyTeX/texmf-dist/tex/latex/tools/longtable.sty) (c:/Users/Yao/AppData/Roaming/TinyTeX/texmf-dist/tex/latex/tools/bm.sty) (c:/Users/Yao/AppData/Roaming/TinyTeX/texmf-dist/tex/latex/base/alltt.sty) (c:/Users/Yao/AppData/Roaming/TinyTeX/texmf-dist/tex/latex/tools/verbatim.sty) (c:/Users/Yao/AppData/Roaming/TinyTeX/texmf-dist/tex/latex/url/url.sty) (c:/Users/Yao/AppData/Roaming/TinyTeX/texmf-dist/tex/latex/base/textcomp.sty) (c:/Users/Yao/AppData/Roaming/TinyTeX/texmf-dist/tex/latex/amsmath/amsmath.sty
For additional information on amsmath, use the `?' option.
(c:/Users/Yao/AppData/Roaming/TinyTeX/texmf-dist/tex/latex/amsmath/amstext.sty (c:/Users/Yao/AppData/Roaming/TinyTeX/texmf-dist/tex/latex/amsmath/amsgen.sty)) (c:/Users/Yao/AppData/Roaming/TinyTeX/texmf-dist/tex/latex/amsmath/amsbsy.sty) (c:/Users/Yao/AppData/Roaming/TinyTeX/texmf-dist/tex/latex/amsmath/amsopn.sty)) (c:/Users/Yao/AppData/Roaming/TinyTeX/texmf-dist/tex/latex/amsfonts/amsfonts.sty) (c:/Users/Yao/AppData/Roaming/TinyTeX/texmf-dist/tex/latex/amsfonts/amssymb.sty) (c:/Users/Yao/AppData/Roaming/TinyTeX/texmf-dist/tex/latex/amsfonts/eucal.sty) (c:/Users/Yao/AppData/Roaming/TinyTeX/texmf-dist/tex/latex/base/fontenc.sty) (c:/Users/Yao/AppData/Roaming/TinyTeX/texmf-dist/tex/latex/psnfss/times.sty) (c:/Users/Yao/AppData/Roaming/TinyTeX/texmf-dist/tex/latex/inconsolata/zi4.sty `inconsolata-zi4' v1.12, 2019/05/17 Text macros for Inconsolata (msharpe) (c:/Users/Yao/AppData/Roaming/TinyTeX/texmf-dist/tex/latex/xkeyval/xkeyval.sty (c:/Users/Yao/AppData/Roaming/TinyTeX/texmf-dist/tex/generic/xkeyval/xkeyval.tex (c:/Users/Yao/AppData/Roaming/TinyTeX/texmf-dist/tex/generic/xkeyval/xkvutils.tex (c:/Users/Yao/AppData/Roaming/TinyTeX/texmf-dist/tex/generic/xkeyval/keyval.tex))))) (c:/Users/Yao/AppData/Roaming/TinyTeX/texmf-dist/tex/latex/graphics/color.sty (c:/Users/Yao/AppData/Roaming/TinyTeX/texmf-dist/tex/latex/graphics-cfg/color.cfg) (c:/Users/Yao/AppData/Roaming/TinyTeX/texmf-dist/tex/latex/graphics-def/pdftex.def) (c:/Users/Yao/AppData/Roaming/TinyTeX/texmf-dist/tex/latex/graphics/mathcolor.ltx)) (c:/Users/Yao/AppData/Roaming/TinyTeX/texmf-dist/tex/latex/hyperref/hyperref.sty (c:/Users/Yao/AppData/Roaming/TinyTeX/texmf-dist/tex/latex/kvsetkeys/kvsetkeys.sty) (c:/Users/Yao/AppData/Roaming/TinyTeX/texmf-dist/tex/generic/kvdefinekeys/kvdefinekeys.sty) (c:/Users/Yao/AppData/Roaming/TinyTeX/texmf-dist/tex/generic/pdfescape/pdfescape.sty (c:/Users/Yao/AppData/Roaming/TinyTeX/texmf-dist/tex/generic/ltxcmds/ltxcmds.sty) (c:/Users/Yao/AppData/Roaming/TinyTeX/texmf-dist/tex/generic/pdftexcmds/pdftexcmds.sty (c:/Users/Yao/AppData/Roaming/TinyTeX/texmf-dist/tex/generic/infwarerr/infwarerr.sty))) (c:/Users/Yao/AppData/Roaming/TinyTeX/texmf-dist/tex/latex/hycolor/hycolor.sty) (c:/Users/Yao/AppData/Roaming/TinyTeX/texmf-dist/tex/latex/hyperref/nameref.sty (c:/Users/Yao/AppData/Roaming/TinyTeX/texmf-dist/tex/latex/refcount/refcount.sty) (c:/Users/Yao/AppData/Roaming/TinyTeX/texmf-dist/tex/generic/gettitlestring/gettitlestring.sty (c:/Users/Yao/AppData/Roaming/TinyTeX/texmf-dist/tex/latex/kvoptions/kvoptions.sty))) (c:/Users/Yao/AppData/Roaming/TinyTeX/texmf-dist/tex/latex/etoolbox/etoolbox.sty) (c:/Users/Yao/AppData/Roaming/TinyTeX/texmf-dist/tex/generic/stringenc/stringenc.sty) (c:/Users/Yao/AppData/Roaming/TinyTeX/texmf-dist/tex/latex/hyperref/pd1enc.def) (c:/Users/Yao/AppData/Roaming/TinyTeX/texmf-dist/tex/generic/intcalc/intcalc.sty) (c:/Users/Yao/AppData/Roaming/TinyTeX/texmf-dist/tex/latex/hyperref/puenc.def) (c:/Users/Yao/AppData/Roaming/TinyTeX/texmf-dist/tex/generic/bitset/bitset.sty (c:/Users/Yao/AppData/Roaming/TinyTeX/texmf-dist/tex/generic/bigintcalc/bigintcalc.sty)) (c:/Users/Yao/AppData/Roaming/TinyTeX/texmf-dist/tex/latex/base/atbegshi-ltx.sty)) (c:/Users/Yao/AppData/Roaming/TinyTeX/texmf-dist/tex/latex/hyperref/hpdftex.def (c:/Users/Yao/AppData/Roaming/TinyTeX/texmf-dist/tex/latex/base/atveryend-ltx.sty) (c:/Users/Yao/AppData/Roaming/TinyTeX/texmf-dist/tex/latex/rerunfilecheck/rerunfilecheck.sty (c:/Users/Yao/AppData/Roaming/TinyTeX/texmf-dist/tex/generic/uniquecounter/uniquecounter.sty)))) (c:/Users/Yao/AppData/Roaming/TinyTeX/texmf-dist/tex/latex/base/makeidx.sty)
Writing index file Rd2.idx
(c:/Users/Yao/AppData/Roaming/TinyTeX/texmf-dist/tex/latex/psnfss/t1ptm.fd) (c:/Users/Yao/AppData/Roaming/TinyTeX/texmf-dist/tex/latex/l3backend/l3backend-pdftex.def) (./Rd2.aux) (./Rd2.out) (./Rd2.out) (c:/Users/Yao/AppData/Roaming/TinyTeX/texmf-dist/tex/latex/psnfss/ts1ptm.fd) (c:/Users/Yao/AppData/Roaming/TinyTeX/texmf-dist/tex/latex/inconsolata/t1zi4.fd) (c:/Users/Yao/AppData/Roaming/TinyTeX/texmf-dist/tex/latex/amsfonts/umsa.fd) (c:/Users/Yao/AppData/Roaming/TinyTeX/texmf-dist/tex/latex/amsfonts/umsb.fd) (./Rd2.toc
[1{c:/Users/Yao/AppData/Roaming/TinyTeX/texmf-var/fonts/map/pdftex/updmap/pdftex.map}{c:/Users/Yao/AppData/Roaming/TinyTeX/texmf-dist/fonts/enc/dvips/base/8r.enc}{c:/Users/Yao/AppData/Roaming/TinyTeX/texmf-dist/fonts/enc/dvips/inconsolata/i4-t1-0.enc}])
[2]
[3]
[4]
[5]
[6] (c:/Users/Yao/AppData/Roaming/TinyTeX/texmf-dist/tex/latex/inconsolata/ts1zi4.fd)
[7{c:/Users/Yao/AppData/Roaming/TinyTeX/texmf-dist/fonts/enc/dvips/inconsolata/i4-ts1.enc}]
Overfull \hbox (5.72852pt too wide) in paragraph at lines 394--396
\T1/ptm/m/n/10 in-ter-est. Non-integer []\T1/zi4/m/n/10 PC []\T1/ptm/m/n/10 would be con-verted to be an in-te-ger us-ing []\T1/zi4/m/n/10 as.integer()[]\T1/ptm/m/n/10 . 

Overfull \hbox (5.72852pt too wide) in paragraph at lines 397--400
\T1/ptm/m/n/10 in-ter-est. Non-integer []\T1/zi4/m/n/10 PA []\T1/ptm/m/n/10 would be con-verted to be an in-te-ger us-ing []\T1/zi4/m/n/10 as.integer()[]\T1/ptm/m/n/10 .

Overfull \hbox (17.39929pt too wide) in paragraph at lines 412--414
\T1/ptm/m/n/10 ing []\T1/zi4/m/n/10 as.integer()[]\T1/ptm/m/n/10 . Non-NULL []\T1/zi4/m/n/10 as.integer(n) []\T1/ptm/m/n/10 should be at least []\T1/zi4/m/n/10 as.integer(PA)

[8]
[9]
[10]
[11]
[12] (./Rd2.ind
[13]

[14]) (./Rd2.aux)

Package rerunfilecheck Warning: File `Rd2.out' has changed.
(rerunfilecheck)                Rerun to get outlines right
(rerunfilecheck)                or use package `bookmark'.

 )
(see the transcript file for additional information)<c:/Users/Yao/AppData/Roaming/TinyTeX/texmf-dist/fonts/type1/public/inconsolata/Inconsolata-zi4r.pfb><c:/Users/Yao/AppData/Roaming/TinyTeX/texmf-dist/fonts/type1/public/amsfonts/cm/cmsy10.pfb><c:/Users/Yao/AppData/Roaming/TinyTeX/texmf-dist/fonts/type1/urw/times/utmb8a.pfb><c:/Users/Yao/AppData/Roaming/TinyTeX/texmf-dist/fonts/type1/urw/times/utmr8a.pfb><c:/Users/Yao/AppData/Roaming/TinyTeX/texmf-dist/fonts/type1/urw/times/utmr8a.pfb><c:/Users/Yao/AppData/Roaming/TinyTeX/texmf-dist/fonts/type1/urw/times/utmri8a.pfb>
Output written on Rd2.pdf (14 pages, 122271 bytes).
Transcript written on Rd2.log.
This is makeindex, version 2.17 [TeX Live 2024] (kpathsea + Thai support).
Scanning input file Rd2.idx....done (13 entries accepted, 0 rejected).
Sorting entries....done (47 comparisons).
Generating output file Rd2.ind....done (33 lines written, 0 warnings).
Output written in Rd2.ind.
Transcript written in Rd2.ilg.
This is pdfTeX, Version 3.141592653-2.6-1.40.26 (TeX Live 2024) (preloaded format=pdflatex)
 restricted \write18 enabled.
entering extended mode
(./Rd2.tex
LaTeX2e <2024-11-01>
L3 programming layer <2024-11-02>

(c:/Users/Yao/AppData/Roaming/TinyTeX/texmf-dist/tex/latex/base/book.cls
Document Class: book 2024/06/29 v1.4n Standard LaTeX document class
(c:/Users/Yao/AppData/Roaming/TinyTeX/texmf-dist/tex/latex/base/bk10.clo)) (c:/Program Files/R/R-4.5.1/share/texmf/tex/latex/Rd.sty (c:/Users/Yao/AppData/Roaming/TinyTeX/texmf-dist/tex/latex/base/ifthen.sty) (c:/Users/Yao/AppData/Roaming/TinyTeX/texmf-dist/tex/generic/iftex/iftex.sty) (c:/Users/Yao/AppData/Roaming/TinyTeX/texmf-dist/tex/latex/tools/longtable.sty) (c:/Users/Yao/AppData/Roaming/TinyTeX/texmf-dist/tex/latex/tools/bm.sty) (c:/Users/Yao/AppData/Roaming/TinyTeX/texmf-dist/tex/latex/base/alltt.sty) (c:/Users/Yao/AppData/Roaming/TinyTeX/texmf-dist/tex/latex/tools/verbatim.sty) (c:/Users/Yao/AppData/Roaming/TinyTeX/texmf-dist/tex/latex/url/url.sty) (c:/Users/Yao/AppData/Roaming/TinyTeX/texmf-dist/tex/latex/base/textcomp.sty) (c:/Users/Yao/AppData/Roaming/TinyTeX/texmf-dist/tex/latex/amsmath/amsmath.sty
For additional information on amsmath, use the `?' option.
(c:/Users/Yao/AppData/Roaming/TinyTeX/texmf-dist/tex/latex/amsmath/amstext.sty (c:/Users/Yao/AppData/Roaming/TinyTeX/texmf-dist/tex/latex/amsmath/amsgen.sty)) (c:/Users/Yao/AppData/Roaming/TinyTeX/texmf-dist/tex/latex/amsmath/amsbsy.sty) (c:/Users/Yao/AppData/Roaming/TinyTeX/texmf-dist/tex/latex/amsmath/amsopn.sty)) (c:/Users/Yao/AppData/Roaming/TinyTeX/texmf-dist/tex/latex/amsfonts/amsfonts.sty) (c:/Users/Yao/AppData/Roaming/TinyTeX/texmf-dist/tex/latex/amsfonts/amssymb.sty) (c:/Users/Yao/AppData/Roaming/TinyTeX/texmf-dist/tex/latex/amsfonts/eucal.sty) (c:/Users/Yao/AppData/Roaming/TinyTeX/texmf-dist/tex/latex/base/fontenc.sty) (c:/Users/Yao/AppData/Roaming/TinyTeX/texmf-dist/tex/latex/psnfss/times.sty) (c:/Users/Yao/AppData/Roaming/TinyTeX/texmf-dist/tex/latex/inconsolata/zi4.sty `inconsolata-zi4' v1.12, 2019/05/17 Text macros for Inconsolata (msharpe) (c:/Users/Yao/AppData/Roaming/TinyTeX/texmf-dist/tex/latex/xkeyval/xkeyval.sty (c:/Users/Yao/AppData/Roaming/TinyTeX/texmf-dist/tex/generic/xkeyval/xkeyval.tex (c:/Users/Yao/AppData/Roaming/TinyTeX/texmf-dist/tex/generic/xkeyval/xkvutils.tex (c:/Users/Yao/AppData/Roaming/TinyTeX/texmf-dist/tex/generic/xkeyval/keyval.tex))))) (c:/Users/Yao/AppData/Roaming/TinyTeX/texmf-dist/tex/latex/graphics/color.sty (c:/Users/Yao/AppData/Roaming/TinyTeX/texmf-dist/tex/latex/graphics-cfg/color.cfg) (c:/Users/Yao/AppData/Roaming/TinyTeX/texmf-dist/tex/latex/graphics-def/pdftex.def) (c:/Users/Yao/AppData/Roaming/TinyTeX/texmf-dist/tex/latex/graphics/mathcolor.ltx)) (c:/Users/Yao/AppData/Roaming/TinyTeX/texmf-dist/tex/latex/hyperref/hyperref.sty (c:/Users/Yao/AppData/Roaming/TinyTeX/texmf-dist/tex/latex/kvsetkeys/kvsetkeys.sty) (c:/Users/Yao/AppData/Roaming/TinyTeX/texmf-dist/tex/generic/kvdefinekeys/kvdefinekeys.sty) (c:/Users/Yao/AppData/Roaming/TinyTeX/texmf-dist/tex/generic/pdfescape/pdfescape.sty (c:/Users/Yao/AppData/Roaming/TinyTeX/texmf-dist/tex/generic/ltxcmds/ltxcmds.sty) (c:/Users/Yao/AppData/Roaming/TinyTeX/texmf-dist/tex/generic/pdftexcmds/pdftexcmds.sty (c:/Users/Yao/AppData/Roaming/TinyTeX/texmf-dist/tex/generic/infwarerr/infwarerr.sty))) (c:/Users/Yao/AppData/Roaming/TinyTeX/texmf-dist/tex/latex/hycolor/hycolor.sty) (c:/Users/Yao/AppData/Roaming/TinyTeX/texmf-dist/tex/latex/hyperref/nameref.sty (c:/Users/Yao/AppData/Roaming/TinyTeX/texmf-dist/tex/latex/refcount/refcount.sty) (c:/Users/Yao/AppData/Roaming/TinyTeX/texmf-dist/tex/generic/gettitlestring/gettitlestring.sty (c:/Users/Yao/AppData/Roaming/TinyTeX/texmf-dist/tex/latex/kvoptions/kvoptions.sty))) (c:/Users/Yao/AppData/Roaming/TinyTeX/texmf-dist/tex/latex/etoolbox/etoolbox.sty) (c:/Users/Yao/AppData/Roaming/TinyTeX/texmf-dist/tex/generic/stringenc/stringenc.sty) (c:/Users/Yao/AppData/Roaming/TinyTeX/texmf-dist/tex/latex/hyperref/pd1enc.def) (c:/Users/Yao/AppData/Roaming/TinyTeX/texmf-dist/tex/generic/intcalc/intcalc.sty) (c:/Users/Yao/AppData/Roaming/TinyTeX/texmf-dist/tex/latex/hyperref/puenc.def) (c:/Users/Yao/AppData/Roaming/TinyTeX/texmf-dist/tex/generic/bitset/bitset.sty (c:/Users/Yao/AppData/Roaming/TinyTeX/texmf-dist/tex/generic/bigintcalc/bigintcalc.sty)) (c:/Users/Yao/AppData/Roaming/TinyTeX/texmf-dist/tex/latex/base/atbegshi-ltx.sty)) (c:/Users/Yao/AppData/Roaming/TinyTeX/texmf-dist/tex/latex/hyperref/hpdftex.def (c:/Users/Yao/AppData/Roaming/TinyTeX/texmf-dist/tex/latex/base/atveryend-ltx.sty) (c:/Users/Yao/AppData/Roaming/TinyTeX/texmf-dist/tex/latex/rerunfilecheck/rerunfilecheck.sty (c:/Users/Yao/AppData/Roaming/TinyTeX/texmf-dist/tex/generic/uniquecounter/uniquecounter.sty)))) (c:/Users/Yao/AppData/Roaming/TinyTeX/texmf-dist/tex/latex/base/makeidx.sty)
Writing index file Rd2.idx
(c:/Users/Yao/AppData/Roaming/TinyTeX/texmf-dist/tex/latex/psnfss/t1ptm.fd) (c:/Users/Yao/AppData/Roaming/TinyTeX/texmf-dist/tex/latex/l3backend/l3backend-pdftex.def) (./Rd2.aux) (./Rd2.out) (./Rd2.out) (c:/Users/Yao/AppData/Roaming/TinyTeX/texmf-dist/tex/latex/psnfss/ts1ptm.fd) (c:/Users/Yao/AppData/Roaming/TinyTeX/texmf-dist/tex/latex/inconsolata/t1zi4.fd) (c:/Users/Yao/AppData/Roaming/TinyTeX/texmf-dist/tex/latex/amsfonts/umsa.fd) (c:/Users/Yao/AppData/Roaming/TinyTeX/texmf-dist/tex/latex/amsfonts/umsb.fd) (./Rd2.toc
[1{c:/Users/Yao/AppData/Roaming/TinyTeX/texmf-var/fonts/map/pdftex/updmap/pdftex.map}{c:/Users/Yao/AppData/Roaming/TinyTeX/texmf-dist/fonts/enc/dvips/base/8r.enc}{c:/Users/Yao/AppData/Roaming/TinyTeX/texmf-dist/fonts/enc/dvips/inconsolata/i4-t1-0.enc}])
[2]
[3]
[4]
[5]
[6] (c:/Users/Yao/AppData/Roaming/TinyTeX/texmf-dist/tex/latex/inconsolata/ts1zi4.fd)
[7{c:/Users/Yao/AppData/Roaming/TinyTeX/texmf-dist/fonts/enc/dvips/inconsolata/i4-ts1.enc}]
Overfull \hbox (5.72852pt too wide) in paragraph at lines 394--396
\T1/ptm/m/n/10 in-ter-est. Non-integer []\T1/zi4/m/n/10 PC []\T1/ptm/m/n/10 would be con-verted to be an in-te-ger us-ing []\T1/zi4/m/n/10 as.integer()[]\T1/ptm/m/n/10 . 

Overfull \hbox (5.72852pt too wide) in paragraph at lines 397--400
\T1/ptm/m/n/10 in-ter-est. Non-integer []\T1/zi4/m/n/10 PA []\T1/ptm/m/n/10 would be con-verted to be an in-te-ger us-ing []\T1/zi4/m/n/10 as.integer()[]\T1/ptm/m/n/10 .

Overfull \hbox (17.39929pt too wide) in paragraph at lines 412--414
\T1/ptm/m/n/10 ing []\T1/zi4/m/n/10 as.integer()[]\T1/ptm/m/n/10 . Non-NULL []\T1/zi4/m/n/10 as.integer(n) []\T1/ptm/m/n/10 should be at least []\T1/zi4/m/n/10 as.integer(PA)

[8]
[9]
[10]
[11]
[12] (./Rd2.ind
[13]

[14]) (./Rd2.aux) )
(see the transcript file for additional information)<c:/Users/Yao/AppData/Roaming/TinyTeX/texmf-dist/fonts/type1/public/inconsolata/Inconsolata-zi4r.pfb><c:/Users/Yao/AppData/Roaming/TinyTeX/texmf-dist/fonts/type1/public/amsfonts/cm/cmsy10.pfb><c:/Users/Yao/AppData/Roaming/TinyTeX/texmf-dist/fonts/type1/urw/times/utmb8a.pfb><c:/Users/Yao/AppData/Roaming/TinyTeX/texmf-dist/fonts/type1/urw/times/utmr8a.pfb><c:/Users/Yao/AppData/Roaming/TinyTeX/texmf-dist/fonts/type1/urw/times/utmr8a.pfb><c:/Users/Yao/AppData/Roaming/TinyTeX/texmf-dist/fonts/type1/urw/times/utmri8a.pfb>
Output written on Rd2.pdf (14 pages, 122676 bytes).
Transcript written on Rd2.log.
Saving output to 'Keng-manual.pdf' ...
Done
You may want to clean up by 'rm -Rf C:/Users/Yao/AppData/Local/Temp/RtmpMfRDw1/Rd2pdf28205c9b2247'
